2025-01-23 09:06:17: -- 분석이 On File Change First Full Analyze Upon Folder Connect, Under Runner에 의해 시작되었습니다.
2025-01-23 09:06:17: 왼쪽: 상태 파일 C:/teamProject/_gsdata_/_file_state_v4._gs 읽는 중
2025-01-23 09:06:17: 왼쪽: State file does not exist: C:/teamProject/_gsdata_/_file_state_v4._gs
2025-01-23 09:06:17: 오른쪽: 상태 파일 C:/Users/111/Desktop/teamproject(KTPN)/_gsdata_/_file_state_v4._gs 읽는 중
2025-01-23 09:06:17: 오른쪽: State file does not exist: C:/Users/111/Desktop/teamproject(KTPN)/_gsdata_/_file_state_v4._gs
2025-01-23 09:06:17: /README.md: 불일치: 새로운 파일이 다릅니다.
2025-01-23 09:06:17: 분석이 완료되었습니다. 불일치 항목이 있습니다. 동기화할 방향을 선택하여 불일치 항목을 해결하고 동기화 버튼을 클릭하세요.
2025-01-23 09:06:17: 변경됨: 4, 불일치: 1, 시간 복사: 0, 상태 복사: 0, 오류: 0, All: 8
2025-01-23 09:06:17: Left to Right: Copy File: 2 
2025-01-23 09:06:17: Right to Left: Copy File: 1 
2025-01-23 09:06:17: == On File Change First Full Analyze Upon Folder Connect, Under Runner에 의해 동기화가 시작되었습니다.
2025-01-23 09:06:17: ConnectCloned connected to file:///C:/teamProject
2025-01-23 09:06:17: ConnectCloned connected to file:///C:/teamProject
2025-01-23 09:06:17: ConnectCloned connected to file:///C:/teamProject
2025-01-23 09:06:17: ConnectCloned connected to file:///C:/Users/111/Desktop/teamproject(KTPN)
2025-01-23 09:06:17: ConnectCloned connected to file:///C:/Users/111/Desktop/teamproject(KTPN)
2025-01-23 09:06:17: ConnectCloned connected to file:///C:/Users/111/Desktop/teamproject(KTPN)
2025-01-23 09:06:18: /README.md: unresolved conflict results in No Copy
2025-01-23 09:06:18: 폴더 만들기 C:/Users/111/Desktop/teamproject(KTPN)/html
2025-01-23 09:06:18: 새 사본 'C:/Users/111/Desktop/teamproject(KTPN)/사내게시판uml.drawio.png' -> 'C:/teamProject/사내게시판uml.drawio.png' (13,979)
2025-01-23 09:06:18: 새 사본 'C:/teamProject/html/login.html' -> 'C:/Users/111/Desktop/teamproject(KTPN)/html/login.html' (2,794)
2025-01-23 09:06:18: Close Modified Folder (mod-time, acl): /html
2025-01-23 09:06:18: 상태 파일 C:/teamProject/_gsdata_/_file_state_v4._gs 저장
2025-01-23 09:06:18: 상태 파일 C:/Users/111/Desktop/teamproject(KTPN)/_gsdata_/_file_state_v4._gs 저장
2025-01-23 09:06:18: == 동기화 완료. 시간: 00:00:01, 속도: 0.00/s, 완료 항목: 3, 오류 항목: 0, Conflicts: 1
