2025-01-23 09:08:45: -- 분석이 On File Change First Full Analyze Upon Folder Connect에 의해 시작되었습니다.
2025-01-23 09:08:45: 왼쪽: 상태 파일 C:/teamProject/_gsdata_/_file_state_v4._gs 읽는 중
2025-01-23 09:08:45: 오른쪽: 상태 파일 C:/Users/111/Desktop/teamproject(KTPN)/_gsdata_/_file_state_v4._gs 읽는 중
2025-01-23 09:08:45: /.git/COMMIT_EDITMSG: 불일치: 새로운 파일이 다릅니다.
2025-01-23 09:08:45: /.git/config: 불일치: 새로운 파일이 다릅니다.
2025-01-23 09:08:45: /.git/FETCH_HEAD: 불일치: 새로운 파일이 다릅니다.
2025-01-23 09:08:45: /.git/index: 불일치: 새로운 파일이 다릅니다.
2025-01-23 09:08:45: /.git/logs/HEAD: 불일치: 새로운 파일이 다릅니다.
2025-01-23 09:08:45: /.git/logs/refs/heads/main: 불일치: 새로운 파일이 다릅니다.
2025-01-23 09:08:45: /.git/logs/refs/remotes/origin/HEAD: 불일치: 새로운 파일이 다릅니다.
2025-01-23 09:08:45: /.git/logs/refs/remotes/origin/main: 불일치: 새로운 파일이 다릅니다.
2025-01-23 09:08:45: /.git/sourcetreeconfig.json: 불일치: 새로운 파일이 다릅니다.
2025-01-23 09:08:45: /README.md: 불일치: 새로운 파일이 다릅니다.
2025-01-23 09:08:45: 분석이 완료되었습니다. 불일치 항목이 있습니다. 동기화할 방향을 선택하여 불일치 항목을 해결하고 동기화 버튼을 클릭하세요.
2025-01-23 09:08:45: 변경됨: 10, 불일치: 10, 시간 복사: 0, 상태 복사: 0, 오류: 0, All: 98
2025-01-23 09:08:45: == On File Change First Full Analyze Upon Folder Connect에 의해 동기화가 시작되었습니다.
2025-01-23 09:08:45: ConnectCloned connected to file:///C:/teamProject
2025-01-23 09:08:45: ConnectCloned connected to file:///C:/teamProject
2025-01-23 09:08:45: ConnectCloned connected to file:///C:/teamProject
2025-01-23 09:08:45: ConnectCloned connected to file:///C:/Users/111/Desktop/teamproject(KTPN)
2025-01-23 09:08:45: ConnectCloned connected to file:///C:/Users/111/Desktop/teamproject(KTPN)
2025-01-23 09:08:45: ConnectCloned connected to file:///C:/Users/111/Desktop/teamproject(KTPN)
2025-01-23 09:08:46: /README.md: unresolved conflict results in No Copy
2025-01-23 09:08:46: /.git/COMMIT_EDITMSG: unresolved conflict results in No Copy
2025-01-23 09:08:46: /.git/FETCH_HEAD: unresolved conflict results in No Copy
2025-01-23 09:08:46: /.git/config: unresolved conflict results in No Copy
2025-01-23 09:08:46: /.git/index: unresolved conflict results in No Copy
2025-01-23 09:08:46: /.git/sourcetreeconfig.json: unresolved conflict results in No Copy
2025-01-23 09:08:46: /.git/logs/HEAD: unresolved conflict results in No Copy
2025-01-23 09:08:46: /.git/logs/refs/remotes/origin/HEAD: unresolved conflict results in No Copy
2025-01-23 09:08:46: /.git/logs/refs/heads/main: unresolved conflict results in No Copy
2025-01-23 09:08:46: /.git/logs/refs/remotes/origin/main: unresolved conflict results in No Copy
2025-01-23 09:08:46: 상태 파일 C:/teamProject/_gsdata_/_file_state_v4._gs 저장
2025-01-23 09:08:46: 상태 파일 C:/Users/111/Desktop/teamproject(KTPN)/_gsdata_/_file_state_v4._gs 저장
2025-01-23 09:08:46: == 동기화 완료. 시간: 00:00:01, 속도: 0.00/s, 완료 항목: 0, 오류 항목: 0, Conflicts: 10
